2019-01-16 11:29:19.541  INFO 2613 --- [main] c.s.adaptor.ApplicationInitializer       : Starting ApplicationInitializer on HOLBMAC0278 with PID 2613 (/Users/dharma.mittapalli/eclipse-workspace/adaptor-servce/target/classes started by dharma.mittapalli in /Users/dharma.mittapalli/eclipse-workspace/adaptor-servce)
2019-01-16 11:29:19.545 DEBUG 2613 --- [main] c.s.adaptor.ApplicationInitializer       : Running with Spring Boot v2.0.0.RELEASE, Spring v5.0.4.RELEASE
2019-01-16 11:29:19.547  INFO 2613 --- [main] c.s.adaptor.ApplicationInitializer       : No active profile set, falling back to default profiles: default
2019-01-16 11:29:19.635  INFO 2613 --- [main] ConfigServletWebServerApplicationContext : Refreshing org.springframework.boot.web.servlet.context.AnnotationConfigServletWebServerApplicationContext@5bd03f44: startup date [Wed Jan 16 11:29:19 GMT 2019]; root of context hierarchy
2019-01-16 11:29:21.424  INFO 2613 --- [main] f.a.AutowiredAnnotationBeanPostProcessor : JSR-330 'javax.inject.Inject' annotation found and supported for autowiring
2019-01-16 11:29:21.621  INFO 2613 --- [main] trationDelegate$BeanPostProcessorChecker : Bean 'org.springframework.kafka.annotation.KafkaBootstrapConfiguration' of type [org.springframework.kafka.annotation.KafkaBootstrapConfiguration$$EnhancerBySpringCGLIB$$a1f60318] is not eligible for getting processed by all BeanPostProcessors (for example: not eligible for auto-proxying)
2019-01-16 11:29:21.704  INFO 2613 --- [main] trationDelegate$BeanPostProcessorChecker : Bean 'org.springframework.transaction.annotation.ProxyTransactionManagementConfiguration' of type [org.springframework.transaction.annotation.ProxyTransactionManagementConfiguration$$EnhancerBySpringCGLIB$$ce43f195] is not eligible for getting processed by all BeanPostProcessors (for example: not eligible for auto-proxying)
2019-01-16 11:29:22.250  INFO 2613 --- [main] o.s.b.w.embedded.tomcat.TomcatWebServer  : Tomcat initialized with port(s): 8080 (http)
2019-01-16 11:29:22.295  INFO 2613 --- [main] o.apache.catalina.core.StandardService   : Starting service [Tomcat]
2019-01-16 11:29:22.296  INFO 2613 --- [main] org.apache.catalina.core.StandardEngine  : Starting Servlet Engine: Apache Tomcat/8.5.28
2019-01-16 11:29:22.319  INFO 2613 --- [localhost-startStop-1] o.a.catalina.core.AprLifecycleListener   : The APR based Apache Tomcat Native library which allows optimal performance in production environments was not found on the java.library.path: [/Users/dharma.mittapalli/Library/Java/Extensions:/Library/Java/Extensions:/Network/Library/Java/Extensions:/System/Library/Java/Extensions:/usr/lib/java:.]
2019-01-16 11:29:22.458  INFO 2613 --- [localhost-startStop-1] o.a.c.c.C.[Tomcat].[localhost].[/]       : Initializing Spring embedded WebApplicationContext
2019-01-16 11:29:22.458  INFO 2613 --- [localhost-startStop-1] o.s.web.context.ContextLoader            : Root WebApplicationContext: initialization completed in 2824 ms
2019-01-16 11:29:22.681  INFO 2613 --- [localhost-startStop-1] o.s.b.w.servlet.ServletRegistrationBean  : Servlet dispatcherServlet mapped to [/]
2019-01-16 11:29:22.687  INFO 2613 --- [localhost-startStop-1] o.s.b.w.servlet.FilterRegistrationBean   : Mapping filter: 'characterEncodingFilter' to: [/*]
2019-01-16 11:29:22.688  INFO 2613 --- [localhost-startStop-1] o.s.b.w.servlet.FilterRegistrationBean   : Mapping filter: 'hiddenHttpMethodFilter' to: [/*]
2019-01-16 11:29:22.688  INFO 2613 --- [localhost-startStop-1] o.s.b.w.servlet.FilterRegistrationBean   : Mapping filter: 'httpPutFormContentFilter' to: [/*]
2019-01-16 11:29:22.689  INFO 2613 --- [localhost-startStop-1] o.s.b.w.servlet.FilterRegistrationBean   : Mapping filter: 'requestContextFilter' to: [/*]
2019-01-16 11:29:23.726  INFO 2613 --- [main] org.mongodb.driver.cluster               : Cluster created with settings {hosts=[localhost:27017], mode=MULTIPLE, requiredClusterType=UNKNOWN, serverSelectionTimeout='30000 ms', maxWaitQueueSize=500}
2019-01-16 11:29:23.726  INFO 2613 --- [main] org.mongodb.driver.cluster               : Adding discovered server localhost:27017 to client view of cluster
2019-01-16 11:29:23.796  INFO 2613 --- [cluster-ClusterId{value='5c3f15935b88af0a356f057c', description='null'}-localhost:27017] org.mongodb.driver.cluster               : Exception in monitor thread while connecting to server localhost:27017

com.mongodb.MongoSocketOpenException: Exception opening socket
	at com.mongodb.connection.SocketStream.open(SocketStream.java:62)
	at com.mongodb.connection.InternalStreamConnection.open(InternalStreamConnection.java:126)
	at com.mongodb.connection.DefaultServerMonitor$ServerMonitorRunnable.run(DefaultServerMonitor.java:114)
	at java.lang.Thread.run(Thread.java:748)
Caused by: java.net.ConnectException: Connection refused (Connection refused)
	at java.net.PlainSocketImpl.socketConnect(Native Method)
	at java.net.AbstractPlainSocketImpl.doConnect(AbstractPlainSocketImpl.java:350)
	at java.net.AbstractPlainSocketImpl.connectToAddress(AbstractPlainSocketImpl.java:206)
	at java.net.AbstractPlainSocketImpl.connect(AbstractPlainSocketImpl.java:188)
	at java.net.SocksSocketImpl.connect(SocksSocketImpl.java:392)
	at java.net.Socket.connect(Socket.java:589)
	at com.mongodb.connection.SocketStreamHelper.initialize(SocketStreamHelper.java:59)
	at com.mongodb.connection.SocketStream.open(SocketStream.java:57)
	... 3 common frames omitted

2019-01-16 11:29:24.509  INFO 2613 --- [main] s.w.s.m.m.a.RequestMappingHandlerAdapter : Looking for @ControllerAdvice: org.springframework.boot.web.servlet.context.AnnotationConfigServletWebServerApplicationContext@5bd03f44: startup date [Wed Jan 16 11:29:19 GMT 2019]; root of context hierarchy
2019-01-16 11:29:24.660  INFO 2613 --- [main] s.w.s.m.m.a.RequestMappingHandlerMapping : Mapped "{[/shipments],methods=[GET]}" onto public java.lang.String com.sainsburys.adaptor.controller.AdopterController.processShipments()
2019-01-16 11:29:24.667  INFO 2613 --- [main] s.w.s.m.m.a.RequestMappingHandlerMapping : Mapped "{[/error]}" onto public org.springframework.http.ResponseEntity<java.util.Map<java.lang.String, java.lang.Object>> org.springframework.boot.autoconfigure.web.servlet.error.BasicErrorController.error(javax.servlet.http.HttpServletRequest)
2019-01-16 11:29:24.668  INFO 2613 --- [main] s.w.s.m.m.a.RequestMappingHandlerMapping : Mapped "{[/error],produces=[text/html]}" onto public org.springframework.web.servlet.ModelAndView org.springframework.boot.autoconfigure.web.servlet.error.BasicErrorController.errorHtml(javax.servlet.http.HttpServletRequest,javax.servlet.http.HttpServletResponse)
2019-01-16 11:29:24.749  INFO 2613 --- [main] o.s.w.s.handler.SimpleUrlHandlerMapping  : Mapped URL path [/webjars/**] onto handler of type [class org.springframework.web.servlet.resource.ResourceHttpRequestHandler]
2019-01-16 11:29:24.749  INFO 2613 --- [main] o.s.w.s.handler.SimpleUrlHandlerMapping  : Mapped URL path [/**] onto handler of type [class org.springframework.web.servlet.resource.ResourceHttpRequestHandler]
2019-01-16 11:29:24.860  INFO 2613 --- [main] o.s.w.s.handler.SimpleUrlHandlerMapping  : Mapped URL path [/**/favicon.ico] onto handler of type [class org.springframework.web.servlet.resource.ResourceHttpRequestHandler]
2019-01-16 11:29:25.349  INFO 2613 --- [main] o.s.j.e.a.AnnotationMBeanExporter        : Registering beans for JMX exposure on startup
2019-01-16 11:29:25.351  INFO 2613 --- [main] o.s.j.e.a.AnnotationMBeanExporter        : Bean with name 'dataSource' has been autodetected for JMX exposure
2019-01-16 11:29:25.361  INFO 2613 --- [main] o.s.j.e.a.AnnotationMBeanExporter        : Located MBean 'dataSource': registering with JMX server as MBean [com.zaxxer.hikari:name=dataSource,type=HikariDataSource]
2019-01-16 11:29:25.371  INFO 2613 --- [main] o.s.c.support.DefaultLifecycleProcessor  : Starting beans in phase 2147483547
2019-01-16 11:29:25.432  INFO 2613 --- [main] o.s.b.w.embedded.tomcat.TomcatWebServer  : Tomcat started on port(s): 8080 (http) with context path ''
2019-01-16 11:29:25.437  INFO 2613 --- [main] c.s.adaptor.ApplicationInitializer       : Started ApplicationInitializer in 6.659 seconds (JVM running for 7.307)
2019-01-16 11:30:23.859  INFO 2613 --- [cluster-ClusterId{value='5c3f15935b88af0a356f057c', description='null'}-localhost:27017] org.mongodb.driver.connection            : Opened connection [connectionId{localValue:7, serverValue:1}] to localhost:27017
2019-01-16 11:30:23.865  INFO 2613 --- [cluster-ClusterId{value='5c3f15935b88af0a356f057c', description='null'}-localhost:27017] org.mongodb.driver.cluster               : Monitor thread successfully connected to server with description ServerDescription{address=localhost:27017, type=STANDALONE, state=CONNECTED, ok=true, version=ServerVersion{versionList=[4, 0, 5]}, minWireVersion=0, maxWireVersion=7, maxDocumentSize=16777216, logicalSessionTimeoutMinutes=30, roundTripTimeNanos=3433449}
2019-01-16 11:30:23.865  INFO 2613 --- [cluster-ClusterId{value='5c3f15935b88af0a356f057c', description='null'}-localhost:27017] org.mongodb.driver.cluster               : Discovered cluster type of STANDALONE
2019-01-16 11:30:52.429  INFO 2613 --- [Thread-4] ConfigServletWebServerApplicationContext : Closing org.springframework.boot.web.servlet.context.AnnotationConfigServletWebServerApplicationContext@5bd03f44: startup date [Wed Jan 16 11:29:19 GMT 2019]; root of context hierarchy
2019-01-16 11:30:52.436  INFO 2613 --- [Thread-4] o.s.c.support.DefaultLifecycleProcessor  : Stopping beans in phase 2147483547
2019-01-16 11:30:52.437  INFO 2613 --- [Thread-4] o.s.c.support.DefaultLifecycleProcessor  : Stopping beans in phase 0
2019-01-16 11:30:52.439  INFO 2613 --- [Thread-4] o.s.j.e.a.AnnotationMBeanExporter        : Unregistering JMX-exposed beans on shutdown
2019-01-16 11:30:52.441  INFO 2613 --- [Thread-4] o.s.j.e.a.AnnotationMBeanExporter        : Unregistering JMX-exposed beans
2019-01-16 11:31:04.310  INFO 2714 --- [main] c.s.adaptor.ApplicationInitializer       : Starting ApplicationInitializer on HOLBMAC0278 with PID 2714 (/Users/dharma.mittapalli/eclipse-workspace/adaptor-servce/target/classes started by dharma.mittapalli in /Users/dharma.mittapalli/eclipse-workspace/adaptor-servce)
2019-01-16 11:31:04.312 DEBUG 2714 --- [main] c.s.adaptor.ApplicationInitializer       : Running with Spring Boot v2.0.0.RELEASE, Spring v5.0.4.RELEASE
2019-01-16 11:31:04.316  INFO 2714 --- [main] c.s.adaptor.ApplicationInitializer       : No active profile set, falling back to default profiles: default
2019-01-16 11:31:04.413  INFO 2714 --- [main] ConfigServletWebServerApplicationContext : Refreshing org.springframework.boot.web.servlet.context.AnnotationConfigServletWebServerApplicationContext@5a63f509: startup date [Wed Jan 16 11:31:04 GMT 2019]; root of context hierarchy
2019-01-16 11:31:05.631  INFO 2714 --- [main] f.a.AutowiredAnnotationBeanPostProcessor : JSR-330 'javax.inject.Inject' annotation found and supported for autowiring
2019-01-16 11:31:05.759  INFO 2714 --- [main] trationDelegate$BeanPostProcessorChecker : Bean 'org.springframework.kafka.annotation.KafkaBootstrapConfiguration' of type [org.springframework.kafka.annotation.KafkaBootstrapConfiguration$$EnhancerBySpringCGLIB$$e174f3a6] is not eligible for getting processed by all BeanPostProcessors (for example: not eligible for auto-proxying)
2019-01-16 11:31:05.819  INFO 2714 --- [main] trationDelegate$BeanPostProcessorChecker : Bean 'org.springframework.transaction.annotation.ProxyTransactionManagementConfiguration' of type [org.springframework.transaction.annotation.ProxyTransactionManagementConfiguration$$EnhancerBySpringCGLIB$$dc2e223] is not eligible for getting processed by all BeanPostProcessors (for example: not eligible for auto-proxying)
2019-01-16 11:31:06.333  INFO 2714 --- [main] o.s.b.w.embedded.tomcat.TomcatWebServer  : Tomcat initialized with port(s): 8080 (http)
2019-01-16 11:31:06.364  INFO 2714 --- [main] o.apache.catalina.core.StandardService   : Starting service [Tomcat]
2019-01-16 11:31:06.365  INFO 2714 --- [main] org.apache.catalina.core.StandardEngine  : Starting Servlet Engine: Apache Tomcat/8.5.28
2019-01-16 11:31:06.375  INFO 2714 --- [localhost-startStop-1] o.a.catalina.core.AprLifecycleListener   : The APR based Apache Tomcat Native library which allows optimal performance in production environments was not found on the java.library.path: [/Users/dharma.mittapalli/Library/Java/Extensions:/Library/Java/Extensions:/Network/Library/Java/Extensions:/System/Library/Java/Extensions:/usr/lib/java:.]
2019-01-16 11:31:06.501  INFO 2714 --- [localhost-startStop-1] o.a.c.c.C.[Tomcat].[localhost].[/]       : Initializing Spring embedded WebApplicationContext
2019-01-16 11:31:06.502  INFO 2714 --- [localhost-startStop-1] o.s.web.context.ContextLoader            : Root WebApplicationContext: initialization completed in 2089 ms
2019-01-16 11:31:06.707  INFO 2714 --- [localhost-startStop-1] o.s.b.w.servlet.ServletRegistrationBean  : Servlet dispatcherServlet mapped to [/]
2019-01-16 11:31:06.715  INFO 2714 --- [localhost-startStop-1] o.s.b.w.servlet.FilterRegistrationBean   : Mapping filter: 'characterEncodingFilter' to: [/*]
2019-01-16 11:31:06.717  INFO 2714 --- [localhost-startStop-1] o.s.b.w.servlet.FilterRegistrationBean   : Mapping filter: 'hiddenHttpMethodFilter' to: [/*]
2019-01-16 11:31:06.717  INFO 2714 --- [localhost-startStop-1] o.s.b.w.servlet.FilterRegistrationBean   : Mapping filter: 'httpPutFormContentFilter' to: [/*]
2019-01-16 11:31:06.718  INFO 2714 --- [localhost-startStop-1] o.s.b.w.servlet.FilterRegistrationBean   : Mapping filter: 'requestContextFilter' to: [/*]
2019-01-16 11:31:07.662  INFO 2714 --- [main] org.mongodb.driver.cluster               : Cluster created with settings {hosts=[localhost:27017], mode=MULTIPLE, requiredClusterType=UNKNOWN, serverSelectionTimeout='30000 ms', maxWaitQueueSize=500}
2019-01-16 11:31:07.662  INFO 2714 --- [main] org.mongodb.driver.cluster               : Adding discovered server localhost:27017 to client view of cluster
2019-01-16 11:31:07.754  INFO 2714 --- [cluster-ClusterId{value='5c3f15fb5b88af0a9a70c7cc', description='null'}-localhost:27017] org.mongodb.driver.connection            : Opened connection [connectionId{localValue:1, serverValue:2}] to localhost:27017
2019-01-16 11:31:07.761  INFO 2714 --- [cluster-ClusterId{value='5c3f15fb5b88af0a9a70c7cc', description='null'}-localhost:27017] org.mongodb.driver.cluster               : Monitor thread successfully connected to server with description ServerDescription{address=localhost:27017, type=STANDALONE, state=CONNECTED, ok=true, version=ServerVersion{versionList=[4, 0, 5]}, minWireVersion=0, maxWireVersion=7, maxDocumentSize=16777216, logicalSessionTimeoutMinutes=30, roundTripTimeNanos=4364785}
2019-01-16 11:31:07.763  INFO 2714 --- [cluster-ClusterId{value='5c3f15fb5b88af0a9a70c7cc', description='null'}-localhost:27017] org.mongodb.driver.cluster               : Discovered cluster type of STANDALONE
2019-01-16 11:31:08.404  INFO 2714 --- [main] s.w.s.m.m.a.RequestMappingHandlerAdapter : Looking for @ControllerAdvice: org.springframework.boot.web.servlet.context.AnnotationConfigServletWebServerApplicationContext@5a63f509: startup date [Wed Jan 16 11:31:04 GMT 2019]; root of context hierarchy
2019-01-16 11:31:08.579  INFO 2714 --- [main] s.w.s.m.m.a.RequestMappingHandlerMapping : Mapped "{[/shipments],methods=[GET]}" onto public java.lang.String com.sainsburys.adaptor.controller.AdopterController.processShipments()
2019-01-16 11:31:08.601  INFO 2714 --- [main] s.w.s.m.m.a.RequestMappingHandlerMapping : Mapped "{[/error]}" onto public org.springframework.http.ResponseEntity<java.util.Map<java.lang.String, java.lang.Object>> org.springframework.boot.autoconfigure.web.servlet.error.BasicErrorController.error(javax.servlet.http.HttpServletRequest)
2019-01-16 11:31:08.607  INFO 2714 --- [main] s.w.s.m.m.a.RequestMappingHandlerMapping : Mapped "{[/error],produces=[text/html]}" onto public org.springframework.web.servlet.ModelAndView org.springframework.boot.autoconfigure.web.servlet.error.BasicErrorController.errorHtml(javax.servlet.http.HttpServletRequest,javax.servlet.http.HttpServletResponse)
2019-01-16 11:31:08.722  INFO 2714 --- [main] o.s.w.s.handler.SimpleUrlHandlerMapping  : Mapped URL path [/webjars/**] onto handler of type [class org.springframework.web.servlet.resource.ResourceHttpRequestHandler]
2019-01-16 11:31:08.723  INFO 2714 --- [main] o.s.w.s.handler.SimpleUrlHandlerMapping  : Mapped URL path [/**] onto handler of type [class org.springframework.web.servlet.resource.ResourceHttpRequestHandler]
2019-01-16 11:31:08.844  INFO 2714 --- [main] o.s.w.s.handler.SimpleUrlHandlerMapping  : Mapped URL path [/**/favicon.ico] onto handler of type [class org.springframework.web.servlet.resource.ResourceHttpRequestHandler]
2019-01-16 11:31:09.451  INFO 2714 --- [main] o.s.j.e.a.AnnotationMBeanExporter        : Registering beans for JMX exposure on startup
2019-01-16 11:31:09.453  INFO 2714 --- [main] o.s.j.e.a.AnnotationMBeanExporter        : Bean with name 'dataSource' has been autodetected for JMX exposure
2019-01-16 11:31:09.462  INFO 2714 --- [main] o.s.j.e.a.AnnotationMBeanExporter        : Located MBean 'dataSource': registering with JMX server as MBean [com.zaxxer.hikari:name=dataSource,type=HikariDataSource]
2019-01-16 11:31:09.472  INFO 2714 --- [main] o.s.c.support.DefaultLifecycleProcessor  : Starting beans in phase 2147483547
2019-01-16 11:31:09.529  INFO 2714 --- [main] o.s.b.w.embedded.tomcat.TomcatWebServer  : Tomcat started on port(s): 8080 (http) with context path ''
2019-01-16 11:31:09.540  INFO 2714 --- [main] c.s.adaptor.ApplicationInitializer       : Started ApplicationInitializer in 5.806 seconds (JVM running for 6.452)
2019-01-16 11:32:36.829 DEBUG 2714 --- [pool-1-thread-1] c.s.adaptor.service.AdaptorServiceImpl   : EventENTRY_MODIFY. File affected: .DS_Store.
2019-01-16 11:32:36.830 DEBUG 2714 --- [pool-1-thread-1] c.s.adaptor.service.AdaptorServiceImpl   : EventENTRY_DELETE. File affected: shipments.txt.
2019-01-16 11:32:56.834 DEBUG 2714 --- [pool-1-thread-1] c.s.adaptor.service.AdaptorServiceImpl   : EventENTRY_CREATE. File affected: shipments.txt.
2019-01-16 11:32:56.835 DEBUG 2714 --- [pool-1-thread-1] c.s.adaptor.service.AdaptorServiceImpl   : EventENTRY_CREATE
2019-01-16 11:32:56.835  INFO 2714 --- [pool-1-thread-1] c.s.adaptor.service.ShipmentServiceImpl  : processShipmentsFromFileServer
2019-01-16 11:32:56.836 DEBUG 2714 --- [pool-1-thread-1] c.s.adaptor.service.ShipmentServiceImpl  : Shipment DetailsShipment [shipmentId=75271051, documentId=424434, shipmentDate=12122017, destinationLocation=5010011900016, sendingLocation=DemoVinayak, qty=5.20, packSize=5, soldTo=5010011900016, originator=DemoVinayak, lin=EN, upc=123456]
2019-01-16 11:32:56.837 DEBUG 2714 --- [pool-1-thread-1] c.s.adaptor.service.ShipmentServiceImpl  : Shipment DetailsShipment [shipmentId=75271052, documentId=324234, shipmentDate=12122018, destinationLocation=5010011900016, sendingLocation=5017600000007, qty=5.20, packSize=5, soldTo=5010011900016, originator=5017600000007, lin=EN, upc=124457]
2019-01-16 11:32:56.837 DEBUG 2714 --- [pool-1-thread-1] c.s.adaptor.service.ShipmentServiceImpl  : Shipment DetailsShipment [shipmentId=75271053, documentId=234243, shipmentDate=2122018, destinationLocation=5010011900016, sendingLocation=5017600000007, qty=7.23, packSize=10, soldTo=5010011900016, originator=5017600000007, lin=UP, upc=123458]
2019-01-16 11:32:56.838 DEBUG 2714 --- [pool-1-thread-1] c.s.adaptor.service.AdaptorServiceImpl   : Adaptor-Invoke REST API
2019-01-16 11:32:56.838 DEBUG 2714 --- [pool-1-thread-1] c.s.adaptor.restapiutil.RestAPIUtil      : postShipments-shipmentInfoShipment [shipmentId=75271051, documentId=424434, shipmentDate=12122017, destinationLocation=5010011900016, sendingLocation=DemoVinayak, qty=5.20, packSize=5, soldTo=5010011900016, originator=DemoVinayak, lin=EN, upc=123456]
2019-01-16 11:33:58.877 DEBUG 2714 --- [pool-1-thread-1] c.s.adaptor.restapiutil.RestAPIUtil      : Response Status code:200
2019-01-16 11:33:58.878 DEBUG 2714 --- [pool-1-thread-1] c.s.adaptor.restapiutil.RestAPIUtil      : shipmentOK
2019-01-16 11:33:58.878 DEBUG 2714 --- [pool-1-thread-1] c.s.adaptor.service.AdaptorServiceImpl   : Adaptor-Invoke REST API
2019-01-16 11:33:58.879 DEBUG 2714 --- [pool-1-thread-1] c.s.adaptor.restapiutil.RestAPIUtil      : postShipments-shipmentInfoShipment [shipmentId=75271052, documentId=324234, shipmentDate=12122018, destinationLocation=5010011900016, sendingLocation=5017600000007, qty=5.20, packSize=5, soldTo=5010011900016, originator=5017600000007, lin=EN, upc=124457]
2019-01-16 11:34:58.976 DEBUG 2714 --- [pool-1-thread-1] c.s.adaptor.restapiutil.RestAPIUtil      : Response Status code:200
2019-01-16 11:34:58.976 DEBUG 2714 --- [pool-1-thread-1] c.s.adaptor.restapiutil.RestAPIUtil      : shipmentOK
2019-01-16 11:34:58.977 DEBUG 2714 --- [pool-1-thread-1] c.s.adaptor.service.AdaptorServiceImpl   : Adaptor-Invoke REST API
2019-01-16 11:34:58.977 DEBUG 2714 --- [pool-1-thread-1] c.s.adaptor.restapiutil.RestAPIUtil      : postShipments-shipmentInfoShipment [shipmentId=75271053, documentId=234243, shipmentDate=2122018, destinationLocation=5010011900016, sendingLocation=5017600000007, qty=7.23, packSize=10, soldTo=5010011900016, originator=5017600000007, lin=UP, upc=123458]
2019-01-16 11:40:12.571  INFO 2714 --- [Thread-4] ConfigServletWebServerApplicationContext : Closing org.springframework.boot.web.servlet.context.AnnotationConfigServletWebServerApplicationContext@5a63f509: startup date [Wed Jan 16 11:31:04 GMT 2019]; root of context hierarchy
2019-01-16 11:40:12.578  INFO 2714 --- [Thread-4] o.s.c.support.DefaultLifecycleProcessor  : Stopping beans in phase 2147483547
2019-01-16 11:40:12.579  INFO 2714 --- [Thread-4] o.s.c.support.DefaultLifecycleProcessor  : Stopping beans in phase 0
2019-01-16 11:40:12.581  INFO 2714 --- [Thread-4] o.s.j.e.a.AnnotationMBeanExporter        : Unregistering JMX-exposed beans on shutdown
2019-01-16 11:40:12.582  INFO 2714 --- [Thread-4] o.s.j.e.a.AnnotationMBeanExporter        : Unregistering JMX-exposed beans
2019-01-16 11:42:51.669  INFO 3658 --- [main] c.s.adaptor.ApplicationInitializer       : Starting ApplicationInitializer on HOLBMAC0278 with PID 3658 (/Users/dharma.mittapalli/eclipse-workspace/adaptor-servce/target/classes started by dharma.mittapalli in /Users/dharma.mittapalli/eclipse-workspace/adaptor-servce)
2019-01-16 11:42:51.672 DEBUG 3658 --- [main] c.s.adaptor.ApplicationInitializer       : Running with Spring Boot v2.0.0.RELEASE, Spring v5.0.4.RELEASE
2019-01-16 11:42:51.674  INFO 3658 --- [main] c.s.adaptor.ApplicationInitializer       : No active profile set, falling back to default profiles: default
2019-01-16 11:42:51.746  INFO 3658 --- [main] ConfigServletWebServerApplicationContext : Refreshing org.springframework.boot.web.servlet.context.AnnotationConfigServletWebServerApplicationContext@353d0772: startup date [Wed Jan 16 11:42:51 GMT 2019]; root of context hierarchy
2019-01-16 11:42:53.213  INFO 3658 --- [main] f.a.AutowiredAnnotationBeanPostProcessor : JSR-330 'javax.inject.Inject' annotation found and supported for autowiring
2019-01-16 11:42:53.378  INFO 3658 --- [main] trationDelegate$BeanPostProcessorChecker : Bean 'org.springframework.kafka.annotation.KafkaBootstrapConfiguration' of type [org.springframework.kafka.annotation.KafkaBootstrapConfiguration$$EnhancerBySpringCGLIB$$6c09a242] is not eligible for getting processed by all BeanPostProcessors (for example: not eligible for auto-proxying)
2019-01-16 11:42:53.437  INFO 3658 --- [main] trationDelegate$BeanPostProcessorChecker : Bean 'org.springframework.transaction.annotation.ProxyTransactionManagementConfiguration' of type [org.springframework.transaction.annotation.ProxyTransactionManagementConfiguration$$EnhancerBySpringCGLIB$$985790bf] is not eligible for getting processed by all BeanPostProcessors (for example: not eligible for auto-proxying)
2019-01-16 11:42:53.970  INFO 3658 --- [main] o.s.b.w.embedded.tomcat.TomcatWebServer  : Tomcat initialized with port(s): 8080 (http)
2019-01-16 11:42:54.011  INFO 3658 --- [main] o.apache.catalina.core.StandardService   : Starting service [Tomcat]
2019-01-16 11:42:54.011  INFO 3658 --- [main] org.apache.catalina.core.StandardEngine  : Starting Servlet Engine: Apache Tomcat/8.5.28
2019-01-16 11:42:54.024  INFO 3658 --- [localhost-startStop-1] o.a.catalina.core.AprLifecycleListener   : The APR based Apache Tomcat Native library which allows optimal performance in production environments was not found on the java.library.path: [/Users/dharma.mittapalli/Library/Java/Extensions:/Library/Java/Extensions:/Network/Library/Java/Extensions:/System/Library/Java/Extensions:/usr/lib/java:.]
2019-01-16 11:42:54.185  INFO 3658 --- [localhost-startStop-1] o.a.c.c.C.[Tomcat].[localhost].[/]       : Initializing Spring embedded WebApplicationContext
2019-01-16 11:42:54.185  INFO 3658 --- [localhost-startStop-1] o.s.web.context.ContextLoader            : Root WebApplicationContext: initialization completed in 2439 ms
2019-01-16 11:42:54.407  INFO 3658 --- [localhost-startStop-1] o.s.b.w.servlet.ServletRegistrationBean  : Servlet dispatcherServlet mapped to [/]
2019-01-16 11:42:54.411  INFO 3658 --- [localhost-startStop-1] o.s.b.w.servlet.FilterRegistrationBean   : Mapping filter: 'characterEncodingFilter' to: [/*]
2019-01-16 11:42:54.412  INFO 3658 --- [localhost-startStop-1] o.s.b.w.servlet.FilterRegistrationBean   : Mapping filter: 'hiddenHttpMethodFilter' to: [/*]
2019-01-16 11:42:54.412  INFO 3658 --- [localhost-startStop-1] o.s.b.w.servlet.FilterRegistrationBean   : Mapping filter: 'httpPutFormContentFilter' to: [/*]
2019-01-16 11:42:54.413  INFO 3658 --- [localhost-startStop-1] o.s.b.w.servlet.FilterRegistrationBean   : Mapping filter: 'requestContextFilter' to: [/*]
2019-01-16 11:42:55.397  INFO 3658 --- [main] org.mongodb.driver.cluster               : Cluster created with settings {hosts=[localhost:27017], mode=MULTIPLE, requiredClusterType=UNKNOWN, serverSelectionTimeout='30000 ms', maxWaitQueueSize=500}
2019-01-16 11:42:55.398  INFO 3658 --- [main] org.mongodb.driver.cluster               : Adding discovered server localhost:27017 to client view of cluster
2019-01-16 11:42:55.492  INFO 3658 --- [cluster-ClusterId{value='5c3f18bf5b88af0e4ad06d98', description='null'}-localhost:27017] org.mongodb.driver.connection            : Opened connection [connectionId{localValue:1, serverValue:5}] to localhost:27017
2019-01-16 11:42:55.497  INFO 3658 --- [cluster-ClusterId{value='5c3f18bf5b88af0e4ad06d98', description='null'}-localhost:27017] org.mongodb.driver.cluster               : Monitor thread successfully connected to server with description ServerDescription{address=localhost:27017, type=STANDALONE, state=CONNECTED, ok=true, version=ServerVersion{versionList=[4, 0, 5]}, minWireVersion=0, maxWireVersion=7, maxDocumentSize=16777216, logicalSessionTimeoutMinutes=30, roundTripTimeNanos=3935069}
2019-01-16 11:42:55.500  INFO 3658 --- [cluster-ClusterId{value='5c3f18bf5b88af0e4ad06d98', description='null'}-localhost:27017] org.mongodb.driver.cluster               : Discovered cluster type of STANDALONE
2019-01-16 11:42:56.114  INFO 3658 --- [main] s.w.s.m.m.a.RequestMappingHandlerAdapter : Looking for @ControllerAdvice: org.springframework.boot.web.servlet.context.AnnotationConfigServletWebServerApplicationContext@353d0772: startup date [Wed Jan 16 11:42:51 GMT 2019]; root of context hierarchy
2019-01-16 11:42:56.217  INFO 3658 --- [main] s.w.s.m.m.a.RequestMappingHandlerMapping : Mapped "{[/shipments],methods=[GET]}" onto public java.lang.String com.sainsburys.adaptor.controller.AdopterController.processShipments()
2019-01-16 11:42:56.227  INFO 3658 --- [main] s.w.s.m.m.a.RequestMappingHandlerMapping : Mapped "{[/error]}" onto public org.springframework.http.ResponseEntity<java.util.Map<java.lang.String, java.lang.Object>> org.springframework.boot.autoconfigure.web.servlet.error.BasicErrorController.error(javax.servlet.http.HttpServletRequest)
2019-01-16 11:42:56.229  INFO 3658 --- [main] s.w.s.m.m.a.RequestMappingHandlerMapping : Mapped "{[/error],produces=[text/html]}" onto public org.springframework.web.servlet.ModelAndView org.springframework.boot.autoconfigure.web.servlet.error.BasicErrorController.errorHtml(javax.servlet.http.HttpServletRequest,javax.servlet.http.HttpServletResponse)
2019-01-16 11:42:56.315  INFO 3658 --- [main] o.s.w.s.handler.SimpleUrlHandlerMapping  : Mapped URL path [/webjars/**] onto handler of type [class org.springframework.web.servlet.resource.ResourceHttpRequestHandler]
2019-01-16 11:42:56.315  INFO 3658 --- [main] o.s.w.s.handler.SimpleUrlHandlerMapping  : Mapped URL path [/**] onto handler of type [class org.springframework.web.servlet.resource.ResourceHttpRequestHandler]
2019-01-16 11:42:56.407  INFO 3658 --- [main] o.s.w.s.handler.SimpleUrlHandlerMapping  : Mapped URL path [/**/favicon.ico] onto handler of type [class org.springframework.web.servlet.resource.ResourceHttpRequestHandler]
2019-01-16 11:42:56.915  INFO 3658 --- [main] o.s.j.e.a.AnnotationMBeanExporter        : Registering beans for JMX exposure on startup
2019-01-16 11:42:56.917  INFO 3658 --- [main] o.s.j.e.a.AnnotationMBeanExporter        : Bean with name 'dataSource' has been autodetected for JMX exposure
2019-01-16 11:42:56.924  INFO 3658 --- [main] o.s.j.e.a.AnnotationMBeanExporter        : Located MBean 'dataSource': registering with JMX server as MBean [com.zaxxer.hikari:name=dataSource,type=HikariDataSource]
2019-01-16 11:42:56.932  INFO 3658 --- [main] o.s.c.support.DefaultLifecycleProcessor  : Starting beans in phase 2147483547
2019-01-16 11:42:56.993  INFO 3658 --- [main] o.s.b.w.embedded.tomcat.TomcatWebServer  : Tomcat started on port(s): 8080 (http) with context path ''
2019-01-16 11:42:56.998  INFO 3658 --- [main] c.s.adaptor.ApplicationInitializer       : Started ApplicationInitializer in 5.889 seconds (JVM running for 6.615)
2019-01-16 11:55:04.505 DEBUG 3658 --- [pool-1-thread-1] c.s.adaptor.service.AdaptorServiceImpl   : EventENTRY_DELETE. File affected: shipments.txt.
2019-01-16 11:55:14.508 DEBUG 3658 --- [pool-1-thread-1] c.s.adaptor.service.AdaptorServiceImpl   : EventENTRY_MODIFY. File affected: .DS_Store.
2019-01-16 11:55:34.504 DEBUG 3658 --- [pool-1-thread-1] c.s.adaptor.service.AdaptorServiceImpl   : EventENTRY_CREATE. File affected: shipments.txt.
2019-01-16 11:55:34.508 DEBUG 3658 --- [pool-1-thread-1] c.s.adaptor.service.AdaptorServiceImpl   : EventENTRY_CREATE
2019-01-16 11:55:34.509  INFO 3658 --- [pool-1-thread-1] c.s.adaptor.service.ShipmentServiceImpl  : processShipmentsFromFileServer
2019-01-16 11:55:34.510 DEBUG 3658 --- [pool-1-thread-1] c.s.adaptor.service.ShipmentServiceImpl  : Shipment DetailsShipment [shipmentId=75271051, documentId=424434, shipmentDate=12122017, destinationLocation=5010011900016, sendingLocation=DemoVinayak, qty=5.20, packSize=5, soldTo=5010011900016, originator=DemoVinayak, lin=EN, upc=123456]
2019-01-16 11:55:34.510 DEBUG 3658 --- [pool-1-thread-1] c.s.adaptor.service.ShipmentServiceImpl  : Shipment DetailsShipment [shipmentId=75271052, documentId=324234, shipmentDate=12122018, destinationLocation=5010011900016, sendingLocation=5017600000007, qty=5.20, packSize=5, soldTo=5010011900016, originator=5017600000007, lin=EN, upc=124457]
2019-01-16 11:55:34.510 DEBUG 3658 --- [pool-1-thread-1] c.s.adaptor.service.ShipmentServiceImpl  : Shipment DetailsShipment [shipmentId=75271053, documentId=234243, shipmentDate=2122018, destinationLocation=5010011900016, sendingLocation=5017600000007, qty=7.23, packSize=10, soldTo=5010011900016, originator=5017600000007, lin=UP, upc=123458]
2019-01-16 11:55:34.510 DEBUG 3658 --- [pool-1-thread-1] c.s.adaptor.service.AdaptorServiceImpl   : Adaptor-Invoke REST API
2019-01-16 11:55:34.511 DEBUG 3658 --- [pool-1-thread-1] c.s.adaptor.restapiutil.RestAPIUtil      : postShipments-shipmentInfoShipment [shipmentId=75271051, documentId=424434, shipmentDate=12122017, destinationLocation=5010011900016, sendingLocation=DemoVinayak, qty=5.20, packSize=5, soldTo=5010011900016, originator=DemoVinayak, lin=EN, upc=123456]
2019-01-16 11:59:02.603  INFO 3658 --- [Thread-4] ConfigServletWebServerApplicationContext : Closing org.springframework.boot.web.servlet.context.AnnotationConfigServletWebServerApplicationContext@353d0772: startup date [Wed Jan 16 11:42:51 GMT 2019]; root of context hierarchy
2019-01-16 11:59:02.606  INFO 3658 --- [Thread-4] o.s.c.support.DefaultLifecycleProcessor  : Stopping beans in phase 2147483547
2019-01-16 11:59:02.607  INFO 3658 --- [Thread-4] o.s.c.support.DefaultLifecycleProcessor  : Stopping beans in phase 0
2019-01-16 11:59:02.611  INFO 3658 --- [Thread-4] o.s.j.e.a.AnnotationMBeanExporter        : Unregistering JMX-exposed beans on shutdown
2019-01-16 11:59:02.612  INFO 3658 --- [Thread-4] o.s.j.e.a.AnnotationMBeanExporter        : Unregistering JMX-exposed beans
2019-01-16 12:13:17.774  INFO 3945 --- [main] c.s.adaptor.ApplicationInitializer       : Starting ApplicationInitializer on HOLBMAC0278 with PID 3945 (/Users/dharma.mittapalli/eclipse-workspace/adaptor-servce/target/classes started by dharma.mittapalli in /Users/dharma.mittapalli/eclipse-workspace/adaptor-servce)
2019-01-16 12:13:17.777 DEBUG 3945 --- [main] c.s.adaptor.ApplicationInitializer       : Running with Spring Boot v2.0.0.RELEASE, Spring v5.0.4.RELEASE
2019-01-16 12:13:17.780  INFO 3945 --- [main] c.s.adaptor.ApplicationInitializer       : No active profile set, falling back to default profiles: default
2019-01-16 12:13:17.881  INFO 3945 --- [main] ConfigServletWebServerApplicationContext : Refreshing org.springframework.boot.web.servlet.context.AnnotationConfigServletWebServerApplicationContext@e056f20: startup date [Wed Jan 16 12:13:17 GMT 2019]; root of context hierarchy
2019-01-16 12:13:19.242  INFO 3945 --- [main] f.a.AutowiredAnnotationBeanPostProcessor : JSR-330 'javax.inject.Inject' annotation found and supported for autowiring
2019-01-16 12:13:19.416  INFO 3945 --- [main] trationDelegate$BeanPostProcessorChecker : Bean 'org.springframework.kafka.annotation.KafkaBootstrapConfiguration' of type [org.springframework.kafka.annotation.KafkaBootstrapConfiguration$$EnhancerBySpringCGLIB$$78c9982f] is not eligible for getting processed by all BeanPostProcessors (for example: not eligible for auto-proxying)
2019-01-16 12:13:19.488  INFO 3945 --- [main] trationDelegate$BeanPostProcessorChecker : Bean 'org.springframework.transaction.annotation.ProxyTransactionManagementConfiguration' of type [org.springframework.transaction.annotation.ProxyTransactionManagementConfiguration$$EnhancerBySpringCGLIB$$a51786ac] is not eligible for getting processed by all BeanPostProcessors (for example: not eligible for auto-proxying)
2019-01-16 12:13:20.046  INFO 3945 --- [main] o.s.b.w.embedded.tomcat.TomcatWebServer  : Tomcat initialized with port(s): 8080 (http)
2019-01-16 12:13:20.081  INFO 3945 --- [main] o.apache.catalina.core.StandardService   : Starting service [Tomcat]
2019-01-16 12:13:20.082  INFO 3945 --- [main] org.apache.catalina.core.StandardEngine  : Starting Servlet Engine: Apache Tomcat/8.5.28
2019-01-16 12:13:20.093  INFO 3945 --- [localhost-startStop-1] o.a.catalina.core.AprLifecycleListener   : The APR based Apache Tomcat Native library which allows optimal performance in production environments was not found on the java.library.path: [/Users/dharma.mittapalli/Library/Java/Extensions:/Library/Java/Extensions:/Network/Library/Java/Extensions:/System/Library/Java/Extensions:/usr/lib/java:.]
2019-01-16 12:13:20.221  INFO 3945 --- [localhost-startStop-1] o.a.c.c.C.[Tomcat].[localhost].[/]       : Initializing Spring embedded WebApplicationContext
2019-01-16 12:13:20.221  INFO 3945 --- [localhost-startStop-1] o.s.web.context.ContextLoader            : Root WebApplicationContext: initialization completed in 2340 ms
2019-01-16 12:13:20.454  INFO 3945 --- [localhost-startStop-1] o.s.b.w.servlet.ServletRegistrationBean  : Servlet dispatcherServlet mapped to [/]
2019-01-16 12:13:20.460  INFO 3945 --- [localhost-startStop-1] o.s.b.w.servlet.FilterRegistrationBean   : Mapping filter: 'characterEncodingFilter' to: [/*]
2019-01-16 12:13:20.461  INFO 3945 --- [localhost-startStop-1] o.s.b.w.servlet.FilterRegistrationBean   : Mapping filter: 'hiddenHttpMethodFilter' to: [/*]
2019-01-16 12:13:20.461  INFO 3945 --- [localhost-startStop-1] o.s.b.w.servlet.FilterRegistrationBean   : Mapping filter: 'httpPutFormContentFilter' to: [/*]
2019-01-16 12:13:20.461  INFO 3945 --- [localhost-startStop-1] o.s.b.w.servlet.FilterRegistrationBean   : Mapping filter: 'requestContextFilter' to: [/*]
2019-01-16 12:13:21.440  INFO 3945 --- [main] org.mongodb.driver.cluster               : Cluster created with settings {hosts=[localhost:27017], mode=MULTIPLE, requiredClusterType=UNKNOWN, serverSelectionTimeout='30000 ms', maxWaitQueueSize=500}
2019-01-16 12:13:21.441  INFO 3945 --- [main] org.mongodb.driver.cluster               : Adding discovered server localhost:27017 to client view of cluster
2019-01-16 12:13:21.527  INFO 3945 --- [cluster-ClusterId{value='5c3f1fe15b88af0f699a7c17', description='null'}-localhost:27017] org.mongodb.driver.connection            : Opened connection [connectionId{localValue:1, serverValue:10}] to localhost:27017
2019-01-16 12:13:21.532  INFO 3945 --- [cluster-ClusterId{value='5c3f1fe15b88af0f699a7c17', description='null'}-localhost:27017] org.mongodb.driver.cluster               : Monitor thread successfully connected to server with description ServerDescription{address=localhost:27017, type=STANDALONE, state=CONNECTED, ok=true, version=ServerVersion{versionList=[4, 0, 5]}, minWireVersion=0, maxWireVersion=7, maxDocumentSize=16777216, logicalSessionTimeoutMinutes=30, roundTripTimeNanos=3451255}
2019-01-16 12:13:21.536  INFO 3945 --- [cluster-ClusterId{value='5c3f1fe15b88af0f699a7c17', description='null'}-localhost:27017] org.mongodb.driver.cluster               : Discovered cluster type of STANDALONE
2019-01-16 12:13:22.164  INFO 3945 --- [main] s.w.s.m.m.a.RequestMappingHandlerAdapter : Looking for @ControllerAdvice: org.springframework.boot.web.servlet.context.AnnotationConfigServletWebServerApplicationContext@e056f20: startup date [Wed Jan 16 12:13:17 GMT 2019]; root of context hierarchy
2019-01-16 12:13:22.280  INFO 3945 --- [main] s.w.s.m.m.a.RequestMappingHandlerMapping : Mapped "{[/shipments],methods=[GET]}" onto public java.lang.String com.sainsburys.adaptor.controller.AdopterController.processShipments()
2019-01-16 12:13:22.289  INFO 3945 --- [main] s.w.s.m.m.a.RequestMappingHandlerMapping : Mapped "{[/error]}" onto public org.springframework.http.ResponseEntity<java.util.Map<java.lang.String, java.lang.Object>> org.springframework.boot.autoconfigure.web.servlet.error.BasicErrorController.error(javax.servlet.http.HttpServletRequest)
2019-01-16 12:13:22.290  INFO 3945 --- [main] s.w.s.m.m.a.RequestMappingHandlerMapping : Mapped "{[/error],produces=[text/html]}" onto public org.springframework.web.servlet.ModelAndView org.springframework.boot.autoconfigure.web.servlet.error.BasicErrorController.errorHtml(javax.servlet.http.HttpServletRequest,javax.servlet.http.HttpServletResponse)
2019-01-16 12:13:22.383  INFO 3945 --- [main] o.s.w.s.handler.SimpleUrlHandlerMapping  : Mapped URL path [/webjars/**] onto handler of type [class org.springframework.web.servlet.resource.ResourceHttpRequestHandler]
2019-01-16 12:13:22.383  INFO 3945 --- [main] o.s.w.s.handler.SimpleUrlHandlerMapping  : Mapped URL path [/**] onto handler of type [class org.springframework.web.servlet.resource.ResourceHttpRequestHandler]
2019-01-16 12:13:22.482  INFO 3945 --- [main] o.s.w.s.handler.SimpleUrlHandlerMapping  : Mapped URL path [/**/favicon.ico] onto handler of type [class org.springframework.web.servlet.resource.ResourceHttpRequestHandler]
2019-01-16 12:13:22.990  INFO 3945 --- [main] o.s.j.e.a.AnnotationMBeanExporter        : Registering beans for JMX exposure on startup
2019-01-16 12:13:22.992  INFO 3945 --- [main] o.s.j.e.a.AnnotationMBeanExporter        : Bean with name 'dataSource' has been autodetected for JMX exposure
2019-01-16 12:13:23.000  INFO 3945 --- [main] o.s.j.e.a.AnnotationMBeanExporter        : Located MBean 'dataSource': registering with JMX server as MBean [com.zaxxer.hikari:name=dataSource,type=HikariDataSource]
2019-01-16 12:13:23.010  INFO 3945 --- [main] o.s.c.support.DefaultLifecycleProcessor  : Starting beans in phase 2147483547
2019-01-16 12:13:23.095  INFO 3945 --- [main] o.s.b.w.embedded.tomcat.TomcatWebServer  : Tomcat started on port(s): 8080 (http) with context path ''
2019-01-16 12:13:23.107  INFO 3945 --- [main] c.s.adaptor.ApplicationInitializer       : Started ApplicationInitializer in 5.929 seconds (JVM running for 6.481)
2019-01-16 12:14:10.555 DEBUG 3945 --- [pool-1-thread-1] c.s.adaptor.service.AdaptorServiceImpl   : EventENTRY_MODIFY. File affected: .DS_Store.
2019-01-16 12:14:10.556 DEBUG 3945 --- [pool-1-thread-1] c.s.adaptor.service.AdaptorServiceImpl   : EventENTRY_DELETE. File affected: shipments.txt.
2019-01-16 12:14:40.557 DEBUG 3945 --- [pool-1-thread-1] c.s.adaptor.service.AdaptorServiceImpl   : EventENTRY_CREATE. File affected: shipments.txt.
2019-01-16 12:14:40.558 DEBUG 3945 --- [pool-1-thread-1] c.s.adaptor.service.AdaptorServiceImpl   : EventENTRY_CREATE
2019-01-16 12:14:40.558  INFO 3945 --- [pool-1-thread-1] c.s.adaptor.service.ShipmentServiceImpl  : processShipmentsFromFileServer
2019-01-16 12:14:40.559 DEBUG 3945 --- [pool-1-thread-1] c.s.adaptor.service.ShipmentServiceImpl  : Shipment DetailsShipment [shipmentId=75271051, documentId=424434, shipmentDate=12122017, destinationLocation=5010011900016, sendingLocation=DemoVinayak, qty=5.20, packSize=5, soldTo=5010011900016, originator=DemoVinayak, lin=EN, upc=123456]
2019-01-16 12:14:40.560 DEBUG 3945 --- [pool-1-thread-1] c.s.adaptor.service.ShipmentServiceImpl  : Shipment DetailsShipment [shipmentId=75271052, documentId=324234, shipmentDate=12122018, destinationLocation=5010011900016, sendingLocation=5017600000007, qty=5.20, packSize=5, soldTo=5010011900016, originator=5017600000007, lin=EN, upc=124457]
2019-01-16 12:14:40.560 DEBUG 3945 --- [pool-1-thread-1] c.s.adaptor.service.ShipmentServiceImpl  : Shipment DetailsShipment [shipmentId=75271053, documentId=234243, shipmentDate=2122018, destinationLocation=5010011900016, sendingLocation=5017600000007, qty=7.23, packSize=10, soldTo=5010011900016, originator=5017600000007, lin=UP, upc=123458]
2019-01-16 12:14:40.560 DEBUG 3945 --- [pool-1-thread-1] c.s.adaptor.service.AdaptorServiceImpl   : Adaptor-Invoke REST API
2019-01-16 12:14:40.560 DEBUG 3945 --- [pool-1-thread-1] c.s.adaptor.restapiutil.RestAPIUtil      : postShipments-shipmentInfoShipment [shipmentId=75271051, documentId=424434, shipmentDate=12122017, destinationLocation=5010011900016, sendingLocation=DemoVinayak, qty=5.20, packSize=5, soldTo=5010011900016, originator=DemoVinayak, lin=EN, upc=123456]
2019-01-16 12:15:42.094 DEBUG 3945 --- [pool-1-thread-1] c.s.adaptor.restapiutil.RestAPIUtil      : Response Status code:200
2019-01-16 12:15:42.094 DEBUG 3945 --- [pool-1-thread-1] c.s.adaptor.restapiutil.RestAPIUtil      : shipmentOK
2019-01-16 12:15:42.094 DEBUG 3945 --- [pool-1-thread-1] c.s.adaptor.service.AdaptorServiceImpl   : Adaptor-Invoke REST API
2019-01-16 12:15:42.095 DEBUG 3945 --- [pool-1-thread-1] c.s.adaptor.restapiutil.RestAPIUtil      : postShipments-shipmentInfoShipment [shipmentId=75271052, documentId=324234, shipmentDate=12122018, destinationLocation=5010011900016, sendingLocation=5017600000007, qty=5.20, packSize=5, soldTo=5010011900016, originator=5017600000007, lin=EN, upc=124457]
2019-01-16 12:16:42.177 DEBUG 3945 --- [pool-1-thread-1] c.s.adaptor.restapiutil.RestAPIUtil      : Response Status code:200
2019-01-16 12:16:42.177 DEBUG 3945 --- [pool-1-thread-1] c.s.adaptor.restapiutil.RestAPIUtil      : shipmentOK
2019-01-16 12:16:42.178 DEBUG 3945 --- [pool-1-thread-1] c.s.adaptor.service.AdaptorServiceImpl   : Adaptor-Invoke REST API
2019-01-16 12:16:42.178 DEBUG 3945 --- [pool-1-thread-1] c.s.adaptor.restapiutil.RestAPIUtil      : postShipments-shipmentInfoShipment [shipmentId=75271053, documentId=234243, shipmentDate=2122018, destinationLocation=5010011900016, sendingLocation=5017600000007, qty=7.23, packSize=10, soldTo=5010011900016, originator=5017600000007, lin=UP, upc=123458]
2019-01-16 12:21:15.963  INFO 3945 --- [Thread-4] ConfigServletWebServerApplicationContext : Closing org.springframework.boot.web.servlet.context.AnnotationConfigServletWebServerApplicationContext@e056f20: startup date [Wed Jan 16 12:13:17 GMT 2019]; root of context hierarchy
2019-01-16 12:21:15.968  INFO 3945 --- [Thread-4] o.s.c.support.DefaultLifecycleProcessor  : Stopping beans in phase 2147483547
2019-01-16 12:21:15.969  INFO 3945 --- [Thread-4] o.s.c.support.DefaultLifecycleProcessor  : Stopping beans in phase 0
2019-01-16 12:21:15.971  INFO 3945 --- [Thread-4] o.s.j.e.a.AnnotationMBeanExporter        : Unregistering JMX-exposed beans on shutdown
2019-01-16 12:21:15.973  INFO 3945 --- [Thread-4] o.s.j.e.a.AnnotationMBeanExporter        : Unregistering JMX-exposed beans
2019-01-16 12:21:36.342  INFO 5343 --- [main] c.s.adaptor.ApplicationInitializer       : Starting ApplicationInitializer on HOLBMAC0278 with PID 5343 (/Users/dharma.mittapalli/eclipse-workspace/adaptor-servce/target/classes started by dharma.mittapalli in /Users/dharma.mittapalli/eclipse-workspace/adaptor-servce)
2019-01-16 12:21:36.345 DEBUG 5343 --- [main] c.s.adaptor.ApplicationInitializer       : Running with Spring Boot v2.0.0.RELEASE, Spring v5.0.4.RELEASE
2019-01-16 12:21:36.347  INFO 5343 --- [main] c.s.adaptor.ApplicationInitializer       : No active profile set, falling back to default profiles: default
2019-01-16 12:21:36.428  INFO 5343 --- [main] ConfigServletWebServerApplicationContext : Refreshing org.springframework.boot.web.servlet.context.AnnotationConfigServletWebServerApplicationContext@29626d54: startup date [Wed Jan 16 12:21:36 GMT 2019]; root of context hierarchy
2019-01-16 12:21:38.143  INFO 5343 --- [main] f.a.AutowiredAnnotationBeanPostProcessor : JSR-330 'javax.inject.Inject' annotation found and supported for autowiring
2019-01-16 12:21:38.312  INFO 5343 --- [main] trationDelegate$BeanPostProcessorChecker : Bean 'org.springframework.kafka.annotation.KafkaBootstrapConfiguration' of type [org.springframework.kafka.annotation.KafkaBootstrapConfiguration$$EnhancerBySpringCGLIB$$80bb34a] is not eligible for getting processed by all BeanPostProcessors (for example: not eligible for auto-proxying)
2019-01-16 12:21:38.376  INFO 5343 --- [main] trationDelegate$BeanPostProcessorChecker : Bean 'org.springframework.transaction.annotation.ProxyTransactionManagementConfiguration' of type [org.springframework.transaction.annotation.ProxyTransactionManagementConfiguration$$EnhancerBySpringCGLIB$$3459a1c7] is not eligible for getting processed by all BeanPostProcessors (for example: not eligible for auto-proxying)
2019-01-16 12:21:38.902  INFO 5343 --- [main] o.s.b.w.embedded.tomcat.TomcatWebServer  : Tomcat initialized with port(s): 8080 (http)
2019-01-16 12:21:38.946  INFO 5343 --- [main] o.apache.catalina.core.StandardService   : Starting service [Tomcat]
2019-01-16 12:21:38.947  INFO 5343 --- [main] org.apache.catalina.core.StandardEngine  : Starting Servlet Engine: Apache Tomcat/8.5.28
2019-01-16 12:21:38.960  INFO 5343 --- [localhost-startStop-1] o.a.catalina.core.AprLifecycleListener   : The APR based Apache Tomcat Native library which allows optimal performance in production environments was not found on the java.library.path: [/Users/dharma.mittapalli/Library/Java/Extensions:/Library/Java/Extensions:/Network/Library/Java/Extensions:/System/Library/Java/Extensions:/usr/lib/java:.]
2019-01-16 12:21:39.145  INFO 5343 --- [localhost-startStop-1] o.a.c.c.C.[Tomcat].[localhost].[/]       : Initializing Spring embedded WebApplicationContext
2019-01-16 12:21:39.146  INFO 5343 --- [localhost-startStop-1] o.s.web.context.ContextLoader            : Root WebApplicationContext: initialization completed in 2718 ms
2019-01-16 12:21:39.441  INFO 5343 --- [localhost-startStop-1] o.s.b.w.servlet.ServletRegistrationBean  : Servlet dispatcherServlet mapped to [/]
2019-01-16 12:21:39.448  INFO 5343 --- [localhost-startStop-1] o.s.b.w.servlet.FilterRegistrationBean   : Mapping filter: 'characterEncodingFilter' to: [/*]
2019-01-16 12:21:39.449  INFO 5343 --- [localhost-startStop-1] o.s.b.w.servlet.FilterRegistrationBean   : Mapping filter: 'hiddenHttpMethodFilter' to: [/*]
2019-01-16 12:21:39.449  INFO 5343 --- [localhost-startStop-1] o.s.b.w.servlet.FilterRegistrationBean   : Mapping filter: 'httpPutFormContentFilter' to: [/*]
2019-01-16 12:21:39.450  INFO 5343 --- [localhost-startStop-1] o.s.b.w.servlet.FilterRegistrationBean   : Mapping filter: 'requestContextFilter' to: [/*]
2019-01-16 12:21:40.538  INFO 5343 --- [main] org.mongodb.driver.cluster               : Cluster created with settings {hosts=[localhost:27017], mode=MULTIPLE, requiredClusterType=UNKNOWN, serverSelectionTimeout='30000 ms', maxWaitQueueSize=500}
2019-01-16 12:21:40.538  INFO 5343 --- [main] org.mongodb.driver.cluster               : Adding discovered server localhost:27017 to client view of cluster
2019-01-16 12:21:40.630  INFO 5343 --- [cluster-ClusterId{value='5c3f21d45b88af14df32f230', description='null'}-localhost:27017] org.mongodb.driver.connection            : Opened connection [connectionId{localValue:1, serverValue:13}] to localhost:27017
2019-01-16 12:21:40.636  INFO 5343 --- [cluster-ClusterId{value='5c3f21d45b88af14df32f230', description='null'}-localhost:27017] org.mongodb.driver.cluster               : Monitor thread successfully connected to server with description ServerDescription{address=localhost:27017, type=STANDALONE, state=CONNECTED, ok=true, version=ServerVersion{versionList=[4, 0, 5]}, minWireVersion=0, maxWireVersion=7, maxDocumentSize=16777216, logicalSessionTimeoutMinutes=30, roundTripTimeNanos=3803240}
2019-01-16 12:21:40.638  INFO 5343 --- [cluster-ClusterId{value='5c3f21d45b88af14df32f230', description='null'}-localhost:27017] org.mongodb.driver.cluster               : Discovered cluster type of STANDALONE
2019-01-16 12:21:41.532  INFO 5343 --- [main] s.w.s.m.m.a.RequestMappingHandlerAdapter : Looking for @ControllerAdvice: org.springframework.boot.web.servlet.context.AnnotationConfigServletWebServerApplicationContext@29626d54: startup date [Wed Jan 16 12:21:36 GMT 2019]; root of context hierarchy
2019-01-16 12:21:41.689  INFO 5343 --- [main] s.w.s.m.m.a.RequestMappingHandlerMapping : Mapped "{[/shipments],methods=[GET]}" onto public java.lang.String com.sainsburys.adaptor.controller.AdopterController.processShipments()
2019-01-16 12:21:41.705  INFO 5343 --- [main] s.w.s.m.m.a.RequestMappingHandlerMapping : Mapped "{[/error]}" onto public org.springframework.http.ResponseEntity<java.util.Map<java.lang.String, java.lang.Object>> org.springframework.boot.autoconfigure.web.servlet.error.BasicErrorController.error(javax.servlet.http.HttpServletRequest)
2019-01-16 12:21:41.707  INFO 5343 --- [main] s.w.s.m.m.a.RequestMappingHandlerMapping : Mapped "{[/error],produces=[text/html]}" onto public org.springframework.web.servlet.ModelAndView org.springframework.boot.autoconfigure.web.servlet.error.BasicErrorController.errorHtml(javax.servlet.http.HttpServletRequest,javax.servlet.http.HttpServletResponse)
2019-01-16 12:21:41.840  INFO 5343 --- [main] o.s.w.s.handler.SimpleUrlHandlerMapping  : Mapped URL path [/webjars/**] onto handler of type [class org.springframework.web.servlet.resource.ResourceHttpRequestHandler]
2019-01-16 12:21:41.841  INFO 5343 --- [main] o.s.w.s.handler.SimpleUrlHandlerMapping  : Mapped URL path [/**] onto handler of type [class org.springframework.web.servlet.resource.ResourceHttpRequestHandler]
2019-01-16 12:21:41.921  INFO 5343 --- [main] o.s.w.s.handler.SimpleUrlHandlerMapping  : Mapped URL path [/**/favicon.ico] onto handler of type [class org.springframework.web.servlet.resource.ResourceHttpRequestHandler]
2019-01-16 12:21:42.523  INFO 5343 --- [main] o.s.j.e.a.AnnotationMBeanExporter        : Registering beans for JMX exposure on startup
2019-01-16 12:21:42.525  INFO 5343 --- [main] o.s.j.e.a.AnnotationMBeanExporter        : Bean with name 'dataSource' has been autodetected for JMX exposure
2019-01-16 12:21:42.539  INFO 5343 --- [main] o.s.j.e.a.AnnotationMBeanExporter        : Located MBean 'dataSource': registering with JMX server as MBean [com.zaxxer.hikari:name=dataSource,type=HikariDataSource]
2019-01-16 12:21:42.551  INFO 5343 --- [main] o.s.c.support.DefaultLifecycleProcessor  : Starting beans in phase 2147483547
2019-01-16 12:21:42.623  INFO 5343 --- [main] o.s.b.w.embedded.tomcat.TomcatWebServer  : Tomcat started on port(s): 8080 (http) with context path ''
2019-01-16 12:21:42.630  INFO 5343 --- [main] c.s.adaptor.ApplicationInitializer       : Started ApplicationInitializer in 7.103 seconds (JVM running for 8.154)
2019-01-16 12:22:19.559 DEBUG 5343 --- [pool-1-thread-1] c.s.adaptor.service.AdaptorServiceImpl   : EventENTRY_CREATE. File affected: shipments.txt.
2019-01-16 12:22:19.560 DEBUG 5343 --- [pool-1-thread-1] c.s.adaptor.service.AdaptorServiceImpl   : EventENTRY_CREATE
2019-01-16 12:22:19.561  INFO 5343 --- [pool-1-thread-1] c.s.adaptor.service.ShipmentServiceImpl  : processShipmentsFromFileServer
2019-01-16 12:22:19.562 DEBUG 5343 --- [pool-1-thread-1] c.s.adaptor.service.ShipmentServiceImpl  : Shipment DetailsShipment [shipmentId=75271051, documentId=424434, shipmentDate=12122017, destinationLocation=5010011900016, sendingLocation=DemoVinayak, qty=5.20, packSize=5, soldTo=5010011900016, originator=DemoVinayak, lin=EN, upc=123456]
2019-01-16 12:22:19.563 DEBUG 5343 --- [pool-1-thread-1] c.s.adaptor.service.ShipmentServiceImpl  : Shipment DetailsShipment [shipmentId=75271052, documentId=324234, shipmentDate=12122018, destinationLocation=5010011900016, sendingLocation=5017600000007, qty=5.20, packSize=5, soldTo=5010011900016, originator=5017600000007, lin=EN, upc=124457]
2019-01-16 12:22:19.563 DEBUG 5343 --- [pool-1-thread-1] c.s.adaptor.service.ShipmentServiceImpl  : Shipment DetailsShipment [shipmentId=75271053, documentId=234243, shipmentDate=2122018, destinationLocation=5010011900016, sendingLocation=5017600000007, qty=7.23, packSize=10, soldTo=5010011900016, originator=5017600000007, lin=UP, upc=123458]
2019-01-16 12:22:19.563 DEBUG 5343 --- [pool-1-thread-1] c.s.adaptor.service.AdaptorServiceImpl   : Adaptor-Invoke REST API
2019-01-16 12:22:19.563 DEBUG 5343 --- [pool-1-thread-1] c.s.adaptor.restapiutil.RestAPIUtil      : postShipments-shipmentInfoShipment [shipmentId=75271051, documentId=424434, shipmentDate=12122017, destinationLocation=5010011900016, sendingLocation=DemoVinayak, qty=5.20, packSize=5, soldTo=5010011900016, originator=DemoVinayak, lin=EN, upc=123456]
2019-01-16 12:22:21.442 DEBUG 5343 --- [pool-1-thread-1] c.s.adaptor.restapiutil.RestAPIUtil      : Response Status code:200
2019-01-16 12:22:21.442 DEBUG 5343 --- [pool-1-thread-1] c.s.adaptor.restapiutil.RestAPIUtil      : shipmentOK
2019-01-16 12:22:21.442 DEBUG 5343 --- [pool-1-thread-1] c.s.adaptor.service.AdaptorServiceImpl   : Adaptor-Invoke REST API
2019-01-16 12:22:21.442 DEBUG 5343 --- [pool-1-thread-1] c.s.adaptor.restapiutil.RestAPIUtil      : postShipments-shipmentInfoShipment [shipmentId=75271052, documentId=324234, shipmentDate=12122018, destinationLocation=5010011900016, sendingLocation=5017600000007, qty=5.20, packSize=5, soldTo=5010011900016, originator=5017600000007, lin=EN, upc=124457]
2019-01-16 12:22:21.539 DEBUG 5343 --- [pool-1-thread-1] c.s.adaptor.restapiutil.RestAPIUtil      : Response Status code:200
2019-01-16 12:22:21.539 DEBUG 5343 --- [pool-1-thread-1] c.s.adaptor.restapiutil.RestAPIUtil      : shipmentOK
2019-01-16 12:22:21.540 DEBUG 5343 --- [pool-1-thread-1] c.s.adaptor.service.AdaptorServiceImpl   : Adaptor-Invoke REST API
2019-01-16 12:22:21.540 DEBUG 5343 --- [pool-1-thread-1] c.s.adaptor.restapiutil.RestAPIUtil      : postShipments-shipmentInfoShipment [shipmentId=75271053, documentId=234243, shipmentDate=2122018, destinationLocation=5010011900016, sendingLocation=5017600000007, qty=7.23, packSize=10, soldTo=5010011900016, originator=5017600000007, lin=UP, upc=123458]
2019-01-16 12:33:24.786  INFO 5343 --- [Thread-4] ConfigServletWebServerApplicationContext : Closing org.springframework.boot.web.servlet.context.AnnotationConfigServletWebServerApplicationContext@29626d54: startup date [Wed Jan 16 12:21:36 GMT 2019]; root of context hierarchy
2019-01-16 12:33:24.790  INFO 5343 --- [Thread-4] o.s.c.support.DefaultLifecycleProcessor  : Stopping beans in phase 2147483547
2019-01-16 12:33:24.791  INFO 5343 --- [Thread-4] o.s.c.support.DefaultLifecycleProcessor  : Stopping beans in phase 0
2019-01-16 12:33:24.793  INFO 5343 --- [Thread-4] o.s.j.e.a.AnnotationMBeanExporter        : Unregistering JMX-exposed beans on shutdown
2019-01-16 12:33:24.795  INFO 5343 --- [Thread-4] o.s.j.e.a.AnnotationMBeanExporter        : Unregistering JMX-exposed beans
2019-01-16 13:28:39.367  INFO 6559 --- [main] c.s.adaptor.ApplicationInitializer       : Starting ApplicationInitializer on HOLBMAC0278 with PID 6559 (/Users/dharma.mittapalli/eclipse-workspace/adaptor-servce/target/classes started by dharma.mittapalli in /Users/dharma.mittapalli/eclipse-workspace/adaptor-servce)
2019-01-16 13:28:39.376 DEBUG 6559 --- [main] c.s.adaptor.ApplicationInitializer       : Running with Spring Boot v2.0.0.RELEASE, Spring v5.0.4.RELEASE
2019-01-16 13:28:39.378  INFO 6559 --- [main] c.s.adaptor.ApplicationInitializer       : No active profile set, falling back to default profiles: default
2019-01-16 13:28:39.465  INFO 6559 --- [main] ConfigServletWebServerApplicationContext : Refreshing org.springframework.boot.web.servlet.context.AnnotationConfigServletWebServerApplicationContext@5a63f509: startup date [Wed Jan 16 13:28:39 GMT 2019]; root of context hierarchy
2019-01-16 13:28:41.045  INFO 6559 --- [main] f.a.AutowiredAnnotationBeanPostProcessor : JSR-330 'javax.inject.Inject' annotation found and supported for autowiring
2019-01-16 13:28:41.234  INFO 6559 --- [main] trationDelegate$BeanPostProcessorChecker : Bean 'org.springframework.kafka.annotation.KafkaBootstrapConfiguration' of type [org.springframework.kafka.annotation.KafkaBootstrapConfiguration$$EnhancerBySpringCGLIB$$9687bc6b] is not eligible for getting processed by all BeanPostProcessors (for example: not eligible for auto-proxying)
2019-01-16 13:28:41.327  INFO 6559 --- [main] trationDelegate$BeanPostProcessorChecker : Bean 'org.springframework.transaction.annotation.ProxyTransactionManagementConfiguration' of type [org.springframework.transaction.annotation.ProxyTransactionManagementConfiguration$$EnhancerBySpringCGLIB$$c2d5aae8] is not eligible for getting processed by all BeanPostProcessors (for example: not eligible for auto-proxying)
2019-01-16 13:28:41.917  INFO 6559 --- [main] o.s.b.w.embedded.tomcat.TomcatWebServer  : Tomcat initialized with port(s): 8080 (http)
2019-01-16 13:28:41.958  INFO 6559 --- [main] o.apache.catalina.core.StandardService   : Starting service [Tomcat]
2019-01-16 13:28:41.958  INFO 6559 --- [main] org.apache.catalina.core.StandardEngine  : Starting Servlet Engine: Apache Tomcat/8.5.28
2019-01-16 13:28:41.973  INFO 6559 --- [localhost-startStop-1] o.a.catalina.core.AprLifecycleListener   : The APR based Apache Tomcat Native library which allows optimal performance in production environments was not found on the java.library.path: [/Users/dharma.mittapalli/Library/Java/Extensions:/Library/Java/Extensions:/Network/Library/Java/Extensions:/System/Library/Java/Extensions:/usr/lib/java:.]
2019-01-16 13:28:42.127  INFO 6559 --- [localhost-startStop-1] o.a.c.c.C.[Tomcat].[localhost].[/]       : Initializing Spring embedded WebApplicationContext
2019-01-16 13:28:42.128  INFO 6559 --- [localhost-startStop-1] o.s.web.context.ContextLoader            : Root WebApplicationContext: initialization completed in 2664 ms
2019-01-16 13:28:42.406  INFO 6559 --- [localhost-startStop-1] o.s.b.w.servlet.ServletRegistrationBean  : Servlet dispatcherServlet mapped to [/]
2019-01-16 13:28:42.412  INFO 6559 --- [localhost-startStop-1] o.s.b.w.servlet.FilterRegistrationBean   : Mapping filter: 'characterEncodingFilter' to: [/*]
2019-01-16 13:28:42.413  INFO 6559 --- [localhost-startStop-1] o.s.b.w.servlet.FilterRegistrationBean   : Mapping filter: 'hiddenHttpMethodFilter' to: [/*]
2019-01-16 13:28:42.414  INFO 6559 --- [localhost-startStop-1] o.s.b.w.servlet.FilterRegistrationBean   : Mapping filter: 'httpPutFormContentFilter' to: [/*]
2019-01-16 13:28:42.414  INFO 6559 --- [localhost-startStop-1] o.s.b.w.servlet.FilterRegistrationBean   : Mapping filter: 'requestContextFilter' to: [/*]
2019-01-16 13:28:43.552  INFO 6559 --- [main] org.mongodb.driver.cluster               : Cluster created with settings {hosts=[localhost:27017], mode=MULTIPLE, requiredClusterType=UNKNOWN, serverSelectionTimeout='30000 ms', maxWaitQueueSize=500}
2019-01-16 13:28:43.553  INFO 6559 --- [main] org.mongodb.driver.cluster               : Adding discovered server localhost:27017 to client view of cluster
2019-01-16 13:28:43.672  INFO 6559 --- [cluster-ClusterId{value='5c3f318b5b88af199fe0e45a', description='null'}-localhost:27017] org.mongodb.driver.connection            : Opened connection [connectionId{localValue:1, serverValue:16}] to localhost:27017
2019-01-16 13:28:43.681  INFO 6559 --- [cluster-ClusterId{value='5c3f318b5b88af199fe0e45a', description='null'}-localhost:27017] org.mongodb.driver.cluster               : Monitor thread successfully connected to server with description ServerDescription{address=localhost:27017, type=STANDALONE, state=CONNECTED, ok=true, version=ServerVersion{versionList=[4, 0, 5]}, minWireVersion=0, maxWireVersion=7, maxDocumentSize=16777216, logicalSessionTimeoutMinutes=30, roundTripTimeNanos=5882673}
2019-01-16 13:28:43.683  INFO 6559 --- [cluster-ClusterId{value='5c3f318b5b88af199fe0e45a', description='null'}-localhost:27017] org.mongodb.driver.cluster               : Discovered cluster type of STANDALONE
2019-01-16 13:28:44.486  INFO 6559 --- [main] s.w.s.m.m.a.RequestMappingHandlerAdapter : Looking for @ControllerAdvice: org.springframework.boot.web.servlet.context.AnnotationConfigServletWebServerApplicationContext@5a63f509: startup date [Wed Jan 16 13:28:39 GMT 2019]; root of context hierarchy
2019-01-16 13:28:44.616  INFO 6559 --- [main] s.w.s.m.m.a.RequestMappingHandlerMapping : Mapped "{[/shipments],methods=[GET]}" onto public java.lang.String com.sainsburys.adaptor.controller.AdopterController.processShipments()
2019-01-16 13:28:44.623  INFO 6559 --- [main] s.w.s.m.m.a.RequestMappingHandlerMapping : Mapped "{[/error]}" onto public org.springframework.http.ResponseEntity<java.util.Map<java.lang.String, java.lang.Object>> org.springframework.boot.autoconfigure.web.servlet.error.BasicErrorController.error(javax.servlet.http.HttpServletRequest)
2019-01-16 13:28:44.624  INFO 6559 --- [main] s.w.s.m.m.a.RequestMappingHandlerMapping : Mapped "{[/error],produces=[text/html]}" onto public org.springframework.web.servlet.ModelAndView org.springframework.boot.autoconfigure.web.servlet.error.BasicErrorController.errorHtml(javax.servlet.http.HttpServletRequest,javax.servlet.http.HttpServletResponse)
2019-01-16 13:28:44.725  INFO 6559 --- [main] o.s.w.s.handler.SimpleUrlHandlerMapping  : Mapped URL path [/webjars/**] onto handler of type [class org.springframework.web.servlet.resource.ResourceHttpRequestHandler]
2019-01-16 13:28:44.725  INFO 6559 --- [main] o.s.w.s.handler.SimpleUrlHandlerMapping  : Mapped URL path [/**] onto handler of type [class org.springframework.web.servlet.resource.ResourceHttpRequestHandler]
2019-01-16 13:28:44.818  INFO 6559 --- [main] o.s.w.s.handler.SimpleUrlHandlerMapping  : Mapped URL path [/**/favicon.ico] onto handler of type [class org.springframework.web.servlet.resource.ResourceHttpRequestHandler]
2019-01-16 13:28:45.371  INFO 6559 --- [main] o.s.j.e.a.AnnotationMBeanExporter        : Registering beans for JMX exposure on startup
2019-01-16 13:28:45.374  INFO 6559 --- [main] o.s.j.e.a.AnnotationMBeanExporter        : Bean with name 'dataSource' has been autodetected for JMX exposure
2019-01-16 13:28:45.384  INFO 6559 --- [main] o.s.j.e.a.AnnotationMBeanExporter        : Located MBean 'dataSource': registering with JMX server as MBean [com.zaxxer.hikari:name=dataSource,type=HikariDataSource]
2019-01-16 13:28:45.395  INFO 6559 --- [main] o.s.c.support.DefaultLifecycleProcessor  : Starting beans in phase 2147483547
2019-01-16 13:28:45.452  INFO 6559 --- [main] o.s.b.w.embedded.tomcat.TomcatWebServer  : Tomcat started on port(s): 8080 (http) with context path ''
2019-01-16 13:28:45.458  INFO 6559 --- [main] c.s.adaptor.ApplicationInitializer       : Started ApplicationInitializer in 6.775 seconds (JVM running for 7.551)
2019-01-16 13:30:52.515 DEBUG 6559 --- [pool-1-thread-1] c.s.adaptor.service.AdaptorServiceImpl   : EventENTRY_DELETE. File affected: shipments.txt.
2019-01-16 13:31:02.512 DEBUG 6559 --- [pool-1-thread-1] c.s.adaptor.service.AdaptorServiceImpl   : EventENTRY_MODIFY. File affected: .DS_Store.
2019-01-16 13:31:12.515 DEBUG 6559 --- [pool-1-thread-1] c.s.adaptor.service.AdaptorServiceImpl   : EventENTRY_CREATE. File affected: shipments.txt.
2019-01-16 13:31:12.515 DEBUG 6559 --- [pool-1-thread-1] c.s.adaptor.service.AdaptorServiceImpl   : EventENTRY_CREATE
2019-01-16 13:31:12.516  INFO 6559 --- [pool-1-thread-1] c.s.adaptor.service.ShipmentServiceImpl  : processShipmentsFromFileServer
2019-01-16 13:31:12.517 DEBUG 6559 --- [pool-1-thread-1] c.s.adaptor.service.ShipmentServiceImpl  : Shipment DetailsShipment [shipmentId=75271051, documentId=424434, shipmentDate=12122017, destinationLocation=5010011900016, sendingLocation=DemoVinayak, qty=5.20, packSize=5, soldTo=5010011900016, originator=DemoVinayak, lin=EN, upc=123456]
2019-01-16 13:31:12.517 DEBUG 6559 --- [pool-1-thread-1] c.s.adaptor.service.ShipmentServiceImpl  : Shipment DetailsShipment [shipmentId=75271052, documentId=324234, shipmentDate=12122018, destinationLocation=5010011900016, sendingLocation=5017600000007, qty=5.20, packSize=5, soldTo=5010011900016, originator=5017600000007, lin=EN, upc=124457]
2019-01-16 13:31:12.517 DEBUG 6559 --- [pool-1-thread-1] c.s.adaptor.service.ShipmentServiceImpl  : Shipment DetailsShipment [shipmentId=75271053, documentId=234243, shipmentDate=2122018, destinationLocation=5010011900016, sendingLocation=5017600000007, qty=7.23, packSize=10, soldTo=5010011900016, originator=5017600000007, lin=UP, upc=123458]
2019-01-16 13:31:12.518 DEBUG 6559 --- [pool-1-thread-1] c.s.adaptor.service.AdaptorServiceImpl   : Adaptor-Invoke REST API
2019-01-16 13:31:12.518 DEBUG 6559 --- [pool-1-thread-1] c.s.adaptor.restapiutil.RestAPIUtil      : postShipments-shipmentInfoShipment [shipmentId=75271051, documentId=424434, shipmentDate=12122017, destinationLocation=5010011900016, sendingLocation=DemoVinayak, qty=5.20, packSize=5, soldTo=5010011900016, originator=DemoVinayak, lin=EN, upc=123456]
2019-01-16 13:32:14.311 DEBUG 6559 --- [pool-1-thread-1] c.s.adaptor.restapiutil.RestAPIUtil      : Response Status code:200
2019-01-16 13:32:14.311 DEBUG 6559 --- [pool-1-thread-1] c.s.adaptor.restapiutil.RestAPIUtil      : shipmentOK
2019-01-16 13:32:14.312 DEBUG 6559 --- [pool-1-thread-1] c.s.adaptor.service.AdaptorServiceImpl   : Adaptor-Invoke REST API
2019-01-16 13:32:14.312 DEBUG 6559 --- [pool-1-thread-1] c.s.adaptor.restapiutil.RestAPIUtil      : postShipments-shipmentInfoShipment [shipmentId=75271052, documentId=324234, shipmentDate=12122018, destinationLocation=5010011900016, sendingLocation=5017600000007, qty=5.20, packSize=5, soldTo=5010011900016, originator=5017600000007, lin=EN, upc=124457]
2019-01-16 13:34:02.824  INFO 6559 --- [Thread-4] ConfigServletWebServerApplicationContext : Closing org.springframework.boot.web.servlet.context.AnnotationConfigServletWebServerApplicationContext@5a63f509: startup date [Wed Jan 16 13:28:39 GMT 2019]; root of context hierarchy
2019-01-16 13:34:02.828  INFO 6559 --- [Thread-4] o.s.c.support.DefaultLifecycleProcessor  : Stopping beans in phase 2147483547
2019-01-16 13:34:02.829  INFO 6559 --- [Thread-4] o.s.c.support.DefaultLifecycleProcessor  : Stopping beans in phase 0
2019-01-16 13:34:02.831  INFO 6559 --- [Thread-4] o.s.j.e.a.AnnotationMBeanExporter        : Unregistering JMX-exposed beans on shutdown
2019-01-16 13:34:02.834  INFO 6559 --- [Thread-4] o.s.j.e.a.AnnotationMBeanExporter        : Unregistering JMX-exposed beans
